<?xml version="1.0" encoding="UTF-8"?>
<testng-results ignored="0" total="1" passed="1" failed="0" skipped="0">
  <reporter-output>
  </reporter-output>
  <suite started-at="2024-01-06T18:03:36 IST" name="Default suite" finished-at="2024-01-06T18:03:39 IST" duration-ms="3177">
    <groups>
    </groups>
    <test started-at="2024-01-06T18:03:36 IST" name="Default test" finished-at="2024-01-06T18:03:39 IST" duration-ms="3177">
      <class name="popups.Robot_class">
        <test-method signature="test()[pri:0, instance:popups.Robot_class@2b76ff4e]" started-at="2024-01-06T18:03:36 IST" name="test" finished-at="2024-01-06T18:03:39 IST" duration-ms="3141" status="PASS">
          <reporter-output>
          </reporter-output>
        </test-method> <!-- test -->
      </class> <!-- popups.Robot_class -->
    </test> <!-- Default test -->
  </suite> <!-- Default suite -->
</testng-results>
