<?xml version="1.0" encoding="UTF-8"?>
<!-- Generated by org.testng.reporters.JUnitXMLReporter -->
<testsuite ignored="0" hostname="DESKTOP-HCKD6N7" failures="3" tests="3" name="Test" time="26.263" errors="0" timestamp="2024-01-03T18:30:09 IST">
  <testcase classname="bevarsi.Sample12" name="test" time="9.553">
    <failure type="java.lang.AssertionError" message="expected [welcome to facebook] but found [Log in to Facebook]">
      <![CDATA[java.lang.AssertionError: expected [welcome to facebook] but found [Log in to Facebook]
at bevarsi.Sample12.test(Sample12.java:36)
at java.base/java.util.ArrayList.forEach(ArrayList.java:1511)
... Removed 33 stack frames]]>
    </failure>
  </testcase> <!-- test -->
  <testcase classname="bevarsi.Sample12" name="test" time="4.159">
    <failure type="java.lang.AssertionError" message="expected [welcome to facebook] but found [Log in to Facebook]">
      <![CDATA[java.lang.AssertionError: expected [welcome to facebook] but found [Log in to Facebook]
at bevarsi.Sample12.test(Sample12.java:36)
at java.base/java.util.ArrayList.forEach(ArrayList.java:1511)
... Removed 33 stack frames]]>
    </failure>
  </testcase> <!-- test -->
  <testcase classname="bevarsi.Sample12" name="test" time="12.5">
    <failure type="java.lang.AssertionError" message="expected [welcome to facebook] but found []">
      <![CDATA[java.lang.AssertionError: expected [welcome to facebook] but found []
at bevarsi.Sample12.test(Sample12.java:36)
at java.base/java.util.ArrayList.forEach(ArrayList.java:1511)
... Removed 33 stack frames]]>
    </failure>
  </testcase> <!-- test -->
</testsuite> <!-- Test -->
